<?xml version="1.0" encoding="UTF-8"?>
<testsuite xmlns:xsi="http://www.w3.org/2001/XMLSchema-instance" xsi:noNamespaceSchemaLocation="https://maven.apache.org/surefire/maven-surefire-plugin/xsd/surefire-test-report-3.0.xsd" version="3.0" name="com.localpayment.lp_test_logs.cron.LogCronTest" time="0.001" tests="1" errors="0" skipped="0" failures="0">
  <properties>
[...]
</properties>
  <testcase name="testStartConsumer" classname="com.localpayment.lp_test_logs.cron.LogCronTest" time="0">
    <system-out><![CDATA[{ "container_name": "default", "trace_id":"78563", "internal_id":"a38fecc0-39c3-4ef1-bfca-c03937c4127d","level":"INFO" , "message":"[name_log: test_log] esto es un log de test" }
]]></system-out>
  </testcase>
</testsuite>